17:24:48 === 啟動 BASE=C:\Users\AIFORU\AppData\Local\Temp\_MEI248962
17:24:48 HTTP server OK
17:24:48 PS 開始...
17:24:48 瀏覽器已開
17:24:50 PS 結束 code=0
17:45:12 === 啟動 BASE=C:\Users\AIFORU\AppData\Local\Temp\_MEI110242
17:45:12 HTTP server OK
17:45:12 PS 開始...
17:45:12 瀏覽器已開
17:45:14 PS 結束 code=0
17:48:48 === 啟動 BASE=C:\Users\AIFORU\AppData\Local\Temp\_MEI250562
17:48:48 HTTP server OK
17:48:48 PS 開始...
17:48:48 瀏覽器已開
17:48:50 PS 結束 code=0
17:50:03 === 啟動 BASE=C:\Users\AIFORU\AppData\Local\Temp\_MEI115522
17:50:03 HTTP server OK
17:50:03 PS 開始...
17:50:04 瀏覽器已開
17:50:05 PS 結束 code=0
17:52:23 === 啟動 BASE=C:\Users\AIFORU\AppData\Local\Temp\_MEI253562
17:52:23 HTTP server OK
17:52:23 PS 開始...
17:52:23 瀏覽器已開
17:52:25 PS 結束 code=0
17:57:41 === 啟動 BASE=C:\Users\AIFORU\AppData\Local\Temp\_MEI50082
17:57:41 HTTP server OK
17:57:41 PS 開始...
17:57:41 瀏覽器已開
17:57:43 PS 結束 code=0
18:05:16 === 啟動 BASE=C:\Users\AIFORU\AppData\Local\Temp\_MEI245322
18:05:16 HTTP server OK
18:05:16 PS 開始...
18:05:16 瀏覽器已開
18:05:18 PS 結束 code=0
18:07:58 === 啟動 BASE=C:\Users\AIFORU\AppData\Local\Temp\_MEI226682
18:07:58 HTTP server OK
18:07:58 PS 開始...
18:07:59 瀏覽器已開
18:08:01 PS 結束 code=0
18:09:16 === 啟動 BASE=C:\Users\AIFORU\AppData\Local\Temp\_MEI239042
18:09:16 HTTP server OK
18:09:16 PS 開始...
18:09:17 瀏覽器已開
18:09:18 PS 結束 code=0
18:11:05 === 啟動 BASE=C:\Users\AIFORU\AppData\Local\Temp\_MEI257242
18:11:05 HTTP server OK
18:11:05 PS 開始...
18:11:05 瀏覽器已開
18:11:07 PS 結束 code=0
